[2012-03-03 15:45:20] request.ERROR: Symfony\Component\HttpKernel\Exception\NotFoundHttpException: No route found for "GET /js/bootstrap.js" (uncaught exception) at C:\wamp\www\Symfony\app\cache\prod\classes.php line 4564 [] []
[2012-03-03 15:45:20] request.ERROR: Symfony\Component\HttpKernel\Exception\NotFoundHttpException: No route found for "GET /css/bootstrap.css" (uncaught exception) at C:\wamp\www\Symfony\app\cache\prod\classes.php line 4564 [] []
[2012-03-03 15:46:40] request.ERROR: Symfony\Component\HttpKernel\Exception\NotFoundHttpException: No route found for "GET /css/bootstrap.css" (uncaught exception) at C:\wamp\www\Symfony\app\cache\prod\classes.php line 4564 [] []
[2012-03-03 15:46:40] request.ERROR: Symfony\Component\HttpKernel\Exception\NotFoundHttpException: No route found for "GET /js/bootstrap.js" (uncaught exception) at C:\wamp\www\Symfony\app\cache\prod\classes.php line 4564 [] []
[2012-03-03 15:46:45] request.ERROR: Symfony\Component\HttpKernel\Exception\NotFoundHttpException: No route found for "GET /css/bootstrap.css" (uncaught exception) at C:\wamp\www\Symfony\app\cache\prod\classes.php line 4564 [] []
[2012-03-03 15:46:46] request.ERROR: Symfony\Component\HttpKernel\Exception\NotFoundHttpException: No route found for "GET /js/bootstrap.js" (uncaught exception) at C:\wamp\www\Symfony\app\cache\prod\classes.php line 4564 [] []
[2012-03-03 15:48:27] request.ERROR: Symfony\Component\HttpKernel\Exception\NotFoundHttpException: No route found for "GET /css/bootstrap.css" (uncaught exception) at C:\wamp\www\Symfony\app\cache\prod\classes.php line 4564 [] []
[2012-03-03 15:48:28] request.ERROR: Symfony\Component\HttpKernel\Exception\NotFoundHttpException: No route found for "GET /js/bootstrap.js" (uncaught exception) at C:\wamp\www\Symfony\app\cache\prod\classes.php line 4564 [] []
[2012-04-05 11:47:24] request.ERROR: Symfony\Component\HttpKernel\Exception\NotFoundHttpException: No route found for "GET /" (uncaught exception) at C:\wamp\www\Symfony\vendor\symfony\src\Symfony\Bundle\FrameworkBundle\EventListener\RouterListener.php line 83 [] []
[2012-04-06 23:51:52] request.ERROR: Symfony\Component\HttpKernel\Exception\NotFoundHttpException: No route found for "GET /" (uncaught exception) at C:\wamp\www\Symfony\app\cache\prod\classes.php line 4564 [] []
[2012-04-06 23:58:41] security.INFO: Populated SecurityContext with an anonymous Token [] []
[2012-04-06 23:58:41] request.ERROR: Symfony\Component\HttpKernel\Exception\NotFoundHttpException: No route found for "GET /login" (uncaught exception) at C:\wamp\www\Symfony\vendor\symfony\src\Symfony\Bundle\FrameworkBundle\EventListener\RouterListener.php line 83 [] []
[2012-04-07 00:01:38] security.INFO: Populated SecurityContext with an anonymous Token [] []
[2012-04-07 00:01:38] request.ERROR: Symfony\Component\HttpKernel\Exception\NotFoundHttpException: No route found for "GET /login" (uncaught exception) at C:\wamp\www\Symfony\app\cache\prod\classes.php line 4564 [] []
[2012-04-07 00:02:46] security.INFO: Populated SecurityContext with an anonymous Token [] []
[2012-04-07 00:02:46] request.ERROR: Symfony\Component\HttpKernel\Exception\NotFoundHttpException: No route found for "GET /login" (uncaught exception) at C:\wamp\www\Symfony\app\cache\prod\classes.php line 4564 [] []
[2012-04-07 00:08:25] security.INFO: Populated SecurityContext with an anonymous Token [] []
[2012-04-07 00:08:25] request.ERROR: Symfony\Component\HttpKernel\Exception\NotFoundHttpException: No route found for "GET /login" (uncaught exception) at C:\wamp\www\Symfony\app\cache\prod\classes.php line 4564 [] []
[2012-04-07 00:16:13] security.INFO: Populated SecurityContext with an anonymous Token [] []
[2012-04-07 00:16:13] request.ERROR: Symfony\Component\HttpKernel\Exception\NotFoundHttpException: No route found for "GET /login" (uncaught exception) at C:\wamp\www\Symfony\app\cache\prod\classes.php line 4564 [] []
[2012-04-07 18:45:15] security.DEBUG: Read SecurityContext from the session [] []
[2012-04-07 18:45:15] security.DEBUG: Reloading user from user provider. [] []
[2012-04-07 18:45:15] security.DEBUG: Username "amine" was reloaded from user provider. [] []
[2012-04-07 18:45:15] request.ERROR: Symfony\Component\HttpKernel\Exception\NotFoundHttpException: No route found for "GET /" (uncaught exception) at C:\wamp\www\Symfony\app\cache\prod\classes.php line 4564 [] []
[2012-04-07 18:45:15] security.DEBUG: Write SecurityContext in the session [] []
[2012-04-07 18:45:39] security.DEBUG: Read SecurityContext from the session [] []
[2012-04-07 18:45:39] security.DEBUG: Reloading user from user provider. [] []
[2012-04-07 18:45:39] security.DEBUG: Username "amine" was reloaded from user provider. [] []
[2012-04-07 18:45:39] request.ERROR: Symfony\Component\HttpKernel\Exception\NotFoundHttpException: No route found for "GET /" (uncaught exception) at C:\wamp\www\Symfony\app\cache\prod\classes.php line 4564 [] []
[2012-04-07 18:45:39] security.DEBUG: Write SecurityContext in the session [] []
[2012-04-10 19:01:19] security.DEBUG: Read SecurityContext from the session [] []
[2012-04-10 19:01:19] security.DEBUG: Reloading user from user provider. [] []
[2012-04-10 19:01:19] security.DEBUG: Username "prof" was reloaded from user provider. [] []
[2012-04-10 19:01:19] request.ERROR: Symfony\Component\HttpKernel\Exception\NotFoundHttpException: No route found for "GET /uploads/documents/Cours42012_04_10_19_01_05/Cours4" (uncaught exception) at C:\wamp\www\Symfony\vendor\symfony\src\Symfony\Bundle\FrameworkBundle\EventListener\RouterListener.php line 83 [] []
[2012-04-10 19:01:19] security.DEBUG: Write SecurityContext in the session [] []
